<?xml version="1.0" encoding="UTF-8"?>
<!-- Generated by org.testng.reporters.JUnitXMLReporter -->
<testsuite ignored="1" hostname="HP-PC" failures="0" tests="2" name="Default test" time="0.201" errors="0" timestamp="2023-05-27T12:44:27 IST">
  <testcase classname="alluretests2023.TestSkip" name="Test1" time="0.013"/>
  <testcase classname="alluretests2023.TestSkip" name="Test3" time="0.002">
    <skipped/>
  </testcase> <!-- Test3 -->
  <testcase classname="alluretests2023.TestSkip" name="Test2" time="0.0">
    <ignored/>
  </testcase> <!-- Test2 -->
</testsuite> <!-- Default test -->
